<?xml version="1.0" encoding="utf-8"?><testsuites><testsuite errors="0" failures="0" hostname="ip-172-31-47-115" name="pytest" skipped="0" tests="5" time="16.583" timestamp="2024-02-09T19:55:57.357825"><testcase classname="test.integration.todoApiTest.TestApi" name="test_api_addtodo" time="5.385" /><testcase classname="test.integration.todoApiTest.TestApi" name="test_api_deletetodo" time="3.350" /><testcase classname="test.integration.todoApiTest.TestApi" name="test_api_gettodo" time="0.953" /><testcase classname="test.integration.todoApiTest.TestApi" name="test_api_listtodos" time="2.924" /><testcase classname="test.integration.todoApiTest.TestApi" name="test_api_updatetodo" time="3.600" /></testsuite></testsuites>